/home/juanquy/miniconda3/envs/ai_env/lib/python3.10/site-packages/transformers/utils/generic.py:441: FutureWarning: `torch.utils._pytree._register_pytree_node` is deprecated. Please use `torch.utils._pytree.register_pytree_node` instead.
  _torch_pytree._register_pytree_node(
/home/juanquy/miniconda3/envs/ai_env/lib/python3.10/site-packages/transformers/utils/generic.py:309: FutureWarning: `torch.utils._pytree._register_pytree_node` is deprecated. Please use `torch.utils._pytree.register_pytree_node` instead.
  _torch_pytree._register_pytree_node(
/home/juanquy/dev/YourMT3/amt/src/model/RoPE/RoPE.py:35: FutureWarning: `torch.cuda.amp.autocast(args...)` is deprecated. Please use `torch.amp.autocast('cuda', args...)` instead.
  @autocast(enabled=False)
/home/juanquy/dev/YourMT3/amt/src/model/RoPE/RoPE.py:242: FutureWarning: `torch.cuda.amp.autocast(args...)` is deprecated. Please use `torch.amp.autocast('cuda', args...)` instead.
  @autocast(enabled=False)
/home/juanquy/miniconda3/envs/ai_env/lib/python3.10/site-packages/transformers/utils/generic.py:309: FutureWarning: `torch.utils._pytree._register_pytree_node` is deprecated. Please use `torch.utils._pytree.register_pytree_node` instead.
  _torch_pytree._register_pytree_node(
AI Suite WORKER: Started listening for tasks...
Janitor: Purged old file upload_full_1772983062.wav
Janitor: Purged old file upload_full_1773067199.wav
Janitor: Purged old file upload_full_1773064698.wav
Janitor: Purged old file upload_full_1772960371.wav
Janitor: Purged old file upload_full_1772960715.wav
Janitor: Purged old file upload_full_1772985106.wav
Janitor: Purged old file upload_full_1772960175.wav
Janitor: Purged old file job_full_1772960715_other.wav
Janitor: Purged old file job_full_1772960175_drums.wav
Janitor: Purged old file job_full_1772960175_piano.wav
Janitor: Purged old file job_full_1772985106_bass.wav
Janitor: Purged old directory job_full_1773067199
Janitor: Purged old file job_full_1773064698_other.wav
Janitor: Purged old file job_full_1772960371_guitar.wav
Janitor: Purged old file job_full_1772983062_drums.wav
Janitor: Purged old file job_full_1772960175_guitar.wav
Janitor: Purged old file job_full_1772960715_vocals.wav
Janitor: Purged old file job_full_1772960371_other.wav
Janitor: Purged old file job_full_1772983062_other.wav
Janitor: Purged old file job_full_1773064698_bass.wav
Janitor: Purged old file job_full_1772985106_guitar.wav
Janitor: Purged old file job_full_1772985106_drums.wav
Janitor: Purged old file job_full_1772960371_vocals.wav
Janitor: Purged old file job_full_1772985106_piano.wav
Janitor: Purged old file job_full_1772960371_piano.wav
Janitor: Purged old file job_full_1772983062_piano.wav
Janitor: Purged old file job_full_1772960371_bass.wav
Janitor: Purged old file job_full_1772960175_bass.wav
Janitor: Purged old file job_full_1773064698_guitar.wav
Janitor: Purged old file job_full_1773064698_vocals.wav
Janitor: Purged old directory job_1772844723
Janitor: Purged old directory job_1772785829
Janitor: Purged old file job_full_1773064698_drums.wav
Janitor: Purged old file job_full_1772985106_vocals.wav
Janitor: Purged old file job_full_1772960715_drums.wav
Janitor: Purged old file job_full_1772985106_other.wav
Janitor: Purged old directory job_1772846642
Janitor: Purged old file job_full_1772960175_other.wav
Janitor: Purged old file job_full_1772960715_guitar.wav
Janitor: Purged old file job_full_1772960715_piano.wav
Janitor: Purged old file job_full_1772960371_drums.wav
Janitor: Purged old file job_full_1772983062_vocals.wav
Janitor: Purged old file job_full_1773064698_piano.wav
Janitor: Purged old file job_full_1772983062_guitar.wav
Janitor: Purged old directory job_1772785861
Janitor: Purged old file job_full_1772960715_bass.wav
Janitor: Purged old file job_full_1772983062_bass.wav
Janitor: Purged old file job_full_1772960175_vocals.wav
Janitor: Purged old file task_1772913987.json
Janitor: Purged old file task_1772785829.json
Janitor: Purged old file task_full_1772960715.json
Janitor: Purged old file task_1772785861.json
Janitor: Purged old file task_1772914043.json
Janitor: Purged old file task_1772914053.json
Janitor: Purged old file task_1772914045.json
Janitor: Purged old file task_full_1773064698.json
Janitor: Purged old file task_1772946273.json
Janitor: Purged old file task_1772914033.json
Janitor: Purged old file task_1772890431.json
Janitor: Purged old file task_1772945308.json
Janitor: Purged old file task_full_1773067199.json
Janitor: Purged old file task_1772946221.json
Janitor: Purged old file task_1772914061.json
Janitor: Purged old file task_1772914041.json
Janitor: Purged old file task_1772945212.json
Janitor: Purged old file task_1772914049.json
Janitor: Purged old file task_full_1772985106.json
Janitor: Purged old file task_1772913917.json
Janitor: Purged old file task_1772914066.json
Janitor: Purged old file task_1772914035.json
Janitor: Purged old file task_full_1772960175.json
Janitor: Purged old file task_full_1772983062.json
Janitor: Purged old file task_1772896543.json
Janitor: Purged old file task_1772844723.json
Janitor: Purged old file task_1772914047.json
Janitor: Purged old file task_1772914055.json
Janitor: Purged old file task_1772911754.json
Janitor: Purged old file task_1772892613.json
Janitor: Purged old file task_1772914057.json
Janitor: Purged old file task_1772914029.json
Janitor: Purged old file task_1772914039.json
Janitor: Purged old file task_1772914051.json
Janitor: Purged old file task_1772895448.json
Janitor: Purged old file task_1772914031.json
Janitor: Purged old file task_1772914483.json
Janitor: Purged old file task_1772846642.json
Janitor: Purged old file task_1772914037.json
Janitor: Purged old file task_1772911048.json
Janitor: Purged old file task_full_1772960371.json
Janitor: Purged old file task_1772914059.json
